{"timestamp":"2025-09-09T18:14:31.603Z","level":"error","message":"Failed to read logs","data":{"error":{"errno":-4058,"code":"ENOENT","syscall":"open","path":"C:\\Users\\alool\\Desktop\\Code's\\Node js\\Building-a-Server-Project\\logs\\app.log"}}}
{"timestamp":"2025-09-09T19:19:51.764Z","level":"info","message":"Image processed: encenadaport.jpg","data":{"dimensions":"150x120","format":"jpeg","duration":"79ms","cached":false}}
{"timestamp":"2025-09-09T19:19:51.843Z","level":"info","message":"API Request: GET /api/images","data":{"params":{"filename":"encenadaport.jpg","width":"100","height":"100"},"method":"GET","url":"/api/images"},"requestId":"cg8whn"}
{"timestamp":"2025-09-09T19:19:51.897Z","level":"info","message":"Image processed: encenadaport.jpg","data":{"dimensions":"100x100","format":"jpeg","duration":"51ms","cached":false},"requestId":"cg8whn"}
{"timestamp":"2025-09-09T19:19:51.921Z","level":"info","message":"API Request: GET /api/images","data":{"params":{"filename":"encenadaport.jpg","width":"150","height":"150"},"method":"GET","url":"/api/images"},"requestId":"u8fhhq"}
{"timestamp":"2025-09-09T19:19:51.980Z","level":"info","message":"Image processed: encenadaport.jpg","data":{"dimensions":"150x150","format":"jpeg","duration":"58ms","cached":false},"requestId":"u8fhhq"}
{"timestamp":"2025-09-09T19:19:51.992Z","level":"info","message":"API Request: GET /api/images","data":{"params":{"filename":"nonexistent.jpg","width":"100","height":"100"},"method":"GET","url":"/api/images"},"requestId":"9tntdg"}
{"timestamp":"2025-09-09T19:19:52.010Z","level":"info","message":"API Request: GET /api/images","data":{"params":{"filename":"encenadaport.jpg","width":"200","height":"200"},"method":"GET","url":"/api/images"},"requestId":"0r6lgj"}
{"timestamp":"2025-09-09T19:19:52.067Z","level":"info","message":"Image processed: encenadaport.jpg","data":{"dimensions":"200x200","format":"jpeg","duration":"55ms","cached":false},"requestId":"0r6lgj"}
{"timestamp":"2025-09-09T19:19:52.083Z","level":"info","message":"API Request: GET /api/images","data":{"params":{"width":"10","height":"10"},"method":"GET","url":"/api/images"},"requestId":"3i4pc9"}
{"timestamp":"2025-09-09T19:19:52.092Z","level":"info","message":"API Request: GET /api/images","data":{"params":{"filename":"encenadaport.jpg","width":"-10","height":"10"},"method":"GET","url":"/api/images"},"requestId":"nbjpppe"}
{"timestamp":"2025-09-09T19:19:52.104Z","level":"info","message":"API Request: GET /api/images","data":{"params":{"filename":"no-such.jpg","width":"100","height":"100"},"method":"GET","url":"/api/images"},"requestId":"e6mru"}
{"timestamp":"2025-09-09T19:20:11.597Z","level":"info","message":"Image served from cache: encenadaport.jpg","data":{"dimensions":"150x120","format":"jpeg","cached":true}}
{"timestamp":"2025-09-09T19:20:11.676Z","level":"info","message":"API Request: GET /api/images","data":{"params":{"filename":"encenadaport.jpg","width":"100","height":"100"},"method":"GET","url":"/api/images"},"requestId":"p6tw6"}
{"timestamp":"2025-09-09T19:20:11.680Z","level":"info","message":"Image served from cache: encenadaport.jpg","data":{"dimensions":"100x100","format":"jpeg","cached":true},"requestId":"p6tw6"}
{"timestamp":"2025-09-09T19:20:11.707Z","level":"info","message":"API Request: GET /api/images","data":{"params":{"filename":"encenadaport.jpg","width":"150","height":"150"},"method":"GET","url":"/api/images"},"requestId":"6hpw1l"}
{"timestamp":"2025-09-09T19:20:11.711Z","level":"info","message":"Image served from cache: encenadaport.jpg","data":{"dimensions":"150x150","format":"jpeg","cached":true},"requestId":"6hpw1l"}
{"timestamp":"2025-09-09T19:20:11.723Z","level":"info","message":"API Request: GET /api/images","data":{"params":{"filename":"nonexistent.jpg","width":"100","height":"100"},"method":"GET","url":"/api/images"},"requestId":"dddr4o"}
{"timestamp":"2025-09-09T19:20:11.741Z","level":"info","message":"API Request: GET /api/images","data":{"params":{"filename":"encenadaport.jpg","width":"200","height":"200"},"method":"GET","url":"/api/images"},"requestId":"9tqc99"}
{"timestamp":"2025-09-09T19:20:11.744Z","level":"info","message":"Image served from cache: encenadaport.jpg","data":{"dimensions":"200x200","format":"jpeg","cached":true},"requestId":"9tqc99"}
{"timestamp":"2025-09-09T19:20:11.756Z","level":"info","message":"API Request: GET /api/images","data":{"params":{"width":"10","height":"10"},"method":"GET","url":"/api/images"},"requestId":"1v1804"}
{"timestamp":"2025-09-09T19:20:11.766Z","level":"info","message":"API Request: GET /api/images","data":{"params":{"filename":"encenadaport.jpg","width":"-10","height":"10"},"method":"GET","url":"/api/images"},"requestId":"58t0w9"}
{"timestamp":"2025-09-09T19:20:11.778Z","level":"info","message":"API Request: GET /api/images","data":{"params":{"filename":"no-such.jpg","width":"100","height":"100"},"method":"GET","url":"/api/images"},"requestId":"3jx6k8"}
{"timestamp":"2025-09-09T20:00:29.000Z","level":"info","message":"Image served from cache: encenadaport.jpg","data":{"dimensions":"150x120","format":"jpeg","cached":true}}
{"timestamp":"2025-09-09T20:00:29.158Z","level":"info","message":"API Request: GET /api/images","data":{"params":{"filename":"encenadaport.jpg","width":"100","height":"100"},"method":"GET","url":"/api/images"},"requestId":"lzlk7"}
{"timestamp":"2025-09-09T20:00:29.159Z","level":"info","message":"Image served from cache: encenadaport.jpg","data":{"dimensions":"100x100","format":"jpeg","cached":true},"requestId":"lzlk7"}
{"timestamp":"2025-09-09T20:00:29.207Z","level":"info","message":"API Request: GET /api/images","data":{"params":{"filename":"encenadaport.jpg","width":"150","height":"150"},"method":"GET","url":"/api/images"},"requestId":"t17swr"}
{"timestamp":"2025-09-09T20:00:29.208Z","level":"info","message":"Image served from cache: encenadaport.jpg","data":{"dimensions":"150x150","format":"jpeg","cached":true},"requestId":"t17swr"}
{"timestamp":"2025-09-09T20:00:29.229Z","level":"info","message":"API Request: GET /api/images","data":{"params":{"filename":"nonexistent.jpg","width":"100","height":"100"},"method":"GET","url":"/api/images"},"requestId":"xefk5b"}
{"timestamp":"2025-09-09T20:00:29.263Z","level":"info","message":"API Request: GET /api/images","data":{"params":{"filename":"encenadaport.jpg","width":"200","height":"200"},"method":"GET","url":"/api/images"},"requestId":"9q4qkp"}
{"timestamp":"2025-09-09T20:00:29.269Z","level":"info","message":"Image served from cache: encenadaport.jpg","data":{"dimensions":"200x200","format":"jpeg","cached":true},"requestId":"9q4qkp"}
{"timestamp":"2025-09-09T20:00:29.295Z","level":"info","message":"API Request: GET /api/images","data":{"params":{"width":"10","height":"10"},"method":"GET","url":"/api/images"},"requestId":"8i9p"}
{"timestamp":"2025-09-09T20:00:29.311Z","level":"info","message":"API Request: GET /api/images","data":{"params":{"filename":"encenadaport.jpg","width":"-10","height":"10"},"method":"GET","url":"/api/images"},"requestId":"q75ea3"}
{"timestamp":"2025-09-09T20:00:29.327Z","level":"info","message":"API Request: GET /api/images","data":{"params":{"filename":"no-such.jpg","width":"100","height":"100"},"method":"GET","url":"/api/images"},"requestId":"p2m1tj"}
{"timestamp":"2025-09-09T20:03:14.682Z","level":"info","message":"Image served from cache: encenadaport.jpg","data":{"dimensions":"150x120","format":"jpeg","cached":true}}
{"timestamp":"2025-09-09T20:03:14.745Z","level":"info","message":"API Request: GET /api/images","data":{"params":{"filename":"encenadaport.jpg","width":"200","height":"200"},"method":"GET","url":"/api/images"},"requestId":"1pwtbv"}
{"timestamp":"2025-09-09T20:03:14.747Z","level":"info","message":"Image served from cache: encenadaport.jpg","data":{"dimensions":"200x200","format":"jpeg","cached":true},"requestId":"1pwtbv"}
{"timestamp":"2025-09-09T20:03:14.766Z","level":"info","message":"API Request: GET /api/images","data":{"params":{"width":"10","height":"10"},"method":"GET","url":"/api/images"},"requestId":"ow9xsv"}
{"timestamp":"2025-09-09T20:03:14.775Z","level":"info","message":"API Request: GET /api/images","data":{"params":{"filename":"encenadaport.jpg","width":"-10","height":"10"},"method":"GET","url":"/api/images"},"requestId":"ox35f7"}
{"timestamp":"2025-09-09T20:03:14.785Z","level":"info","message":"API Request: GET /api/images","data":{"params":{"filename":"no-such.jpg","width":"100","height":"100"},"method":"GET","url":"/api/images"},"requestId":"vzyz46"}
{"timestamp":"2025-09-09T20:05:23.194Z","level":"info","message":"Image processed: encenadaport.jpg","data":{"dimensions":"150x120","format":"jpeg","duration":"132ms","cached":false}}
{"timestamp":"2025-09-09T20:05:23.314Z","level":"info","message":"API Request: GET /api/images","data":{"params":{"filename":"encenadaport.jpg","width":"100","height":"100"},"method":"GET","url":"/api/images"},"requestId":"ahn6t6"}
{"timestamp":"2025-09-09T20:05:23.318Z","level":"info","message":"Image served from cache: encenadaport.jpg","data":{"dimensions":"100x100","format":"jpeg","cached":true},"requestId":"ahn6t6"}
{"timestamp":"2025-09-09T20:05:23.407Z","level":"info","message":"API Request: GET /api/images","data":{"params":{"filename":"encenadaport.jpg","width":"150","height":"150"},"method":"GET","url":"/api/images"},"requestId":"xjytcv"}
{"timestamp":"2025-09-09T20:05:23.419Z","level":"info","message":"Image served from cache: encenadaport.jpg","data":{"dimensions":"150x150","format":"jpeg","cached":true},"requestId":"xjytcv"}
{"timestamp":"2025-09-09T20:05:23.471Z","level":"info","message":"API Request: GET /api/images","data":{"params":{"filename":"nonexistent.jpg","width":"100","height":"100"},"method":"GET","url":"/api/images"},"requestId":"qpgmoa"}
{"timestamp":"2025-09-09T20:05:23.510Z","level":"info","message":"API Request: GET /api/images","data":{"params":{"filename":"encenadaport.jpg","width":"200","height":"200"},"method":"GET","url":"/api/images"},"requestId":"k1mzuu"}
{"timestamp":"2025-09-09T20:05:23.590Z","level":"info","message":"Image processed: encenadaport.jpg","data":{"dimensions":"200x200","format":"jpeg","duration":"78ms","cached":false},"requestId":"k1mzuu"}
{"timestamp":"2025-09-09T20:05:23.622Z","level":"info","message":"API Request: GET /api/images","data":{"params":{"width":"10","height":"10"},"method":"GET","url":"/api/images"},"requestId":"j476d"}
{"timestamp":"2025-09-09T20:05:23.645Z","level":"info","message":"API Request: GET /api/images","data":{"params":{"filename":"encenadaport.jpg","width":"-10","height":"10"},"method":"GET","url":"/api/images"},"requestId":"dk832f"}
{"timestamp":"2025-09-09T20:05:23.675Z","level":"info","message":"API Request: GET /api/images","data":{"params":{"filename":"no-such.jpg","width":"100","height":"100"},"method":"GET","url":"/api/images"},"requestId":"r6yqfl"}
{"timestamp":"2025-09-09T20:06:38.185Z","level":"info","message":"Image processed: encenadaport.jpg","data":{"dimensions":"150x120","format":"jpeg","duration":"39ms","cached":false}}
{"timestamp":"2025-09-09T20:06:38.229Z","level":"info","message":"API Request: GET /api/images","data":{"params":{"filename":"encenadaport.jpg","width":"100","height":"100"},"method":"GET","url":"/api/images"},"requestId":"krfzl"}
{"timestamp":"2025-09-09T20:06:38.231Z","level":"info","message":"Image served from cache: encenadaport.jpg","data":{"dimensions":"100x100","format":"jpeg","cached":true},"requestId":"krfzl"}
{"timestamp":"2025-09-09T20:06:38.252Z","level":"info","message":"API Request: GET /api/images","data":{"params":{"filename":"encenadaport.jpg","width":"150","height":"150"},"method":"GET","url":"/api/images"},"requestId":"xmzv6"}
{"timestamp":"2025-09-09T20:06:38.254Z","level":"info","message":"Image served from cache: encenadaport.jpg","data":{"dimensions":"150x150","format":"jpeg","cached":true},"requestId":"xmzv6"}
{"timestamp":"2025-09-09T20:06:38.266Z","level":"info","message":"API Request: GET /api/images","data":{"params":{"filename":"nonexistent.jpg","width":"100","height":"100"},"method":"GET","url":"/api/images"},"requestId":"ocoiss"}
{"timestamp":"2025-09-09T20:06:38.284Z","level":"info","message":"API Request: GET /api/images","data":{"params":{"filename":"encenadaport.jpg","width":"200","height":"200"},"method":"GET","url":"/api/images"},"requestId":"yzs82"}
{"timestamp":"2025-09-09T20:06:38.344Z","level":"info","message":"Image processed: encenadaport.jpg","data":{"dimensions":"200x200","format":"jpeg","duration":"58ms","cached":false},"requestId":"yzs82"}
{"timestamp":"2025-09-09T20:06:38.356Z","level":"info","message":"API Request: GET /api/images","data":{"params":{"width":"10","height":"10"},"method":"GET","url":"/api/images"},"requestId":"j76hk"}
{"timestamp":"2025-09-09T20:06:38.366Z","level":"info","message":"API Request: GET /api/images","data":{"params":{"filename":"encenadaport.jpg","width":"-10","height":"10"},"method":"GET","url":"/api/images"},"requestId":"xr4qkh"}
{"timestamp":"2025-09-09T20:06:38.374Z","level":"info","message":"API Request: GET /api/images","data":{"params":{"filename":"no-such.jpg","width":"100","height":"100"},"method":"GET","url":"/api/images"},"requestId":"yfhzz"}
